SF:lib\domain\usecase\get_movie_detail.dart
DA:9,1
DA:11,1
DA:12,2
LF:3
LH:3
end_of_record
SF:lib\domain\usecase\get_movie_recommendations.dart
DA:9,1
DA:11,1
DA:12,2
LF:3
LH:3
end_of_record
SF:lib\domain\usecase\get_watchlist_status.dart
DA:6,1
DA:8,1
DA:9,2
LF:3
LH:3
end_of_record
SF:lib\domain\usecase\remove_watchlist.dart
DA:9,1
DA:11,1
DA:12,2
LF:3
LH:3
end_of_record
SF:lib\domain\usecase\save_watchlist.dart
DA:9,1
DA:11,1
DA:12,2
LF:3
LH:3
end_of_record
SF:lib\domain\usecase\tv\get_tv_detail.dart
DA:9,1
DA:11,1
DA:12,2
LF:3
LH:3
end_of_record
SF:lib\domain\usecase\tv\get_tv_recommendation.dart
DA:8,1
DA:10,1
DA:11,2
LF:3
LH:3
end_of_record
SF:lib\presentation\bloc\detail_event.dart
DA:4,2
DA:6,0
DA:7,0
DA:13,2
DA:15,0
DA:16,0
DA:22,0
DA:24,0
DA:25,0
DA:31,1
DA:33,0
DA:34,0
DA:40,0
DA:42,0
DA:43,0
DA:49,0
DA:51,0
DA:52,0
LF:18
LH:3
end_of_record
SF:lib\presentation\bloc\detail_state.dart
DA:12,2
DA:21,1
DA:30,1
DA:31,1
DA:32,1
DA:33,1
DA:35,1
DA:36,1
DA:37,1
DA:38,1
DA:41,2
DA:42,1
DA:44,1
DA:50,1
DA:51,1
DA:52,1
DA:53,1
DA:54,1
DA:55,1
DA:56,1
DA:57,1
DA:58,1
LF:22
LH:22
end_of_record
SF:lib\presentation\bloc\detail_bloc.dart
DA:21,1
DA:27,2
DA:28,2
DA:29,1
DA:30,3
DA:31,3
DA:32,3
DA:34,2
DA:35,3
DA:36,1
DA:37,1
DA:38,3
DA:43,2
DA:44,3
DA:46,1
DA:47,1
DA:48,3
DA:56,1
DA:57,0
DA:59,0
DA:60,0
DA:61,0
DA:62,0
DA:65,0
DA:68,1
DA:69,0
DA:71,0
DA:72,0
DA:73,0
DA:74,0
DA:77,0
DA:80,1
DA:81,0
DA:82,0
LF:34
LH:20
end_of_record
SF:lib\presentation\pages\movie_detail_page.dart
DA:18,1
DA:20,1
DA:21,1
DA:25,1
DA:27,1
DA:28,6
DA:29,6
DA:32,1
DA:34,1
DA:35,1
DA:39,1
DA:40,1
DA:41,1
DA:42,2
DA:43,1
DA:44,1
DA:45,1
DA:48,2
DA:49,1
DA:50,1
DA:51,1
DA:52,2
DA:54,2
DA:55,1
DA:56,1
DA:57,2
DA:60,0
DA:72,1
DA:74,1
DA:76,3
DA:77,1
DA:78,1
DA:79,1
DA:80,3
DA:82,2
DA:83,1
DA:85,0
DA:87,1
DA:89,1
DA:90,1
DA:91,1
DA:92,1
DA:94,2
DA:101,1
DA:102,1
DA:103,1
DA:105,1
DA:107,1
DA:109,1
DA:110,1
DA:111,2
DA:112,1
DA:113,1
DA:115,1
DA:116,0
DA:117,0
DA:118,0
DA:119,0
DA:120,0
DA:121,0
DA:123,0
DA:126,0
DA:127,0
DA:128,0
DA:133,1
DA:134,0
DA:135,0
DA:137,0
DA:138,0
DA:141,0
DA:142,0
DA:145,1
DA:147,1
DA:148,1
DA:149,0
DA:150,1
DA:151,1
DA:156,1
DA:157,3
DA:159,1
DA:160,3
DA:162,1
DA:163,1
DA:164,1
DA:165,3
DA:167,2
DA:173,4
DA:176,1
DA:177,1
DA:179,1
DA:181,1
DA:182,2
DA:184,1
DA:185,1
DA:187,1
DA:189,1
DA:194,1
DA:196,1
DA:211,1
DA:213,1
DA:216,1
DA:217,1
DA:218,0
DA:219,0
DA:228,1
DA:229,1
DA:230,0
DA:231,1
DA:232,2
DA:233,1
DA:234,1
DA:235,1
DA:238,2
DA:239,1
DA:240,1
DA:241,1
DA:243,2
DA:244,1
DA:246,1
DA:247,1
DA:249,0
DA:250,0
DA:251,0
DA:253,0
DA:254,0
DA:255,0
DA:258,0
DA:261,0
DA:262,0
DA:263,0
DA:265,0
DA:267,0
DA:268,0
DA:269,0
DA:271,0
DA:272,0
DA:278,2
DA:282,1
DA:287,1
DA:289,1
DA:290,0
DA:293,1
DA:297,0
DA:300,1
DA:301,1
DA:302,1
DA:304,1
DA:305,0
DA:307,1
LF:149
LH:108
end_of_record
SF:lib\presentation\pages\tv\tv_detail_page.dart
DA:17,1
DA:19,1
DA:20,1
DA:24,1
DA:26,1
DA:27,6
DA:28,6
DA:31,1
DA:33,1
DA:34,1
DA:38,1
DA:39,1
DA:40,1
DA:41,2
DA:42,1
DA:43,2
DA:45,2
DA:46,1
DA:47,1
DA:48,1
DA:49,2
DA:51,2
DA:52,1
DA:53,1
DA:54,2
DA:57,0
DA:69,1
DA:71,1
DA:73,3
DA:74,1
DA:75,1
DA:76,1
DA:77,3
DA:79,2
DA:80,1
DA:82,0
DA:84,1
DA:86,1
DA:87,1
DA:88,1
DA:89,1
DA:91,2
DA:98,1
DA:99,1
DA:100,1
DA:102,1
DA:104,1
DA:106,1
DA:107,3
DA:108,2
DA:109,1
DA:110,0
DA:111,0
DA:112,0
DA:113,0
DA:114,0
DA:115,0
DA:118,0
DA:121,0
DA:122,0
DA:123,0
DA:128,1
DA:129,0
DA:130,0
DA:132,0
DA:133,0
DA:136,0
DA:137,0
DA:140,1
DA:142,1
DA:143,1
DA:144,0
DA:145,1
DA:146,1
DA:151,1
DA:152,3
DA:154,1
DA:155,3
DA:157,1
DA:158,1
DA:159,1
DA:160,3
DA:162,2
DA:168,4
DA:171,1
DA:172,1
DA:174,1
DA:176,1
DA:177,2
DA:179,1
DA:180,1
DA:182,1
DA:184,1
DA:189,1
DA:191,1
DA:206,1
DA:208,1
DA:211,1
DA:212,1
DA:213,0
DA:214,0
DA:223,1
DA:224,1
DA:225,0
DA:226,1
DA:227,2
DA:228,1
DA:229,1
DA:230,1
DA:232,2
DA:233,3
DA:234,2
DA:235,1
DA:237,1
DA:238,1
DA:240,0
DA:241,0
DA:242,0
DA:244,0
DA:245,0
DA:246,0
DA:249,0
DA:252,0
DA:253,0
DA:254,0
DA:256,0
DA:258,0
DA:259,0
DA:260,0
DA:262,0
DA:263,0
DA:269,2
DA:273,1
DA:278,1
DA:280,1
DA:281,0
DA:284,1
DA:288,0
DA:291,1
DA:292,1
DA:293,1
DA:295,1
DA:296,0
DA:298,1
LF:144
LH:103
end_of_record
SF:lib\presentation\bloc\tv\tv_detail_event.dart
DA:4,2
DA:6,0
DA:7,0
DA:12,2
DA:13,0
DA:14,0
DA:20,0
DA:22,0
DA:23,0
DA:29,1
DA:31,0
DA:32,0
DA:38,0
DA:40,0
DA:41,0
DA:47,0
DA:49,0
DA:50,0
LF:18
LH:3
end_of_record
SF:lib\presentation\bloc\tv\tv_detail_state.dart
DA:12,2
DA:21,1
DA:29,1
DA:30,1
DA:31,1
DA:32,1
DA:34,1
DA:35,1
DA:36,1
DA:37,1
DA:40,2
DA:41,1
DA:43,1
DA:49,1
DA:50,1
DA:51,1
DA:52,1
DA:53,1
DA:54,1
DA:55,1
DA:56,1
DA:57,1
LF:22
LH:22
end_of_record
SF:lib\presentation\bloc\tv\tv_detail_bloc.dart
DA:21,1
DA:27,2
DA:28,2
DA:29,1
DA:30,3
DA:32,3
DA:33,3
DA:35,1
DA:36,0
DA:37,0
DA:38,1
DA:39,3
DA:44,1
DA:45,0
DA:47,0
DA:48,1
DA:49,3
DA:57,1
DA:58,0
DA:59,0
DA:60,0
DA:61,0
DA:62,0
DA:64,0
DA:67,1
DA:68,0
DA:69,0
DA:70,0
DA:71,0
DA:72,0
DA:74,0
DA:77,1
DA:78,0
DA:79,0
LF:34
LH:16
end_of_record
