SF:lib\domain\usecase\get_watchlist_movies.dart
DA:8,1
DA:10,1
DA:11,2
LF:3
LH:3
end_of_record
SF:lib\presentation\bloc\watchlist_state.dart
DA:4,2
DA:6,1
DA:7,1
DA:17,2
DA:19,1
DA:20,2
DA:25,2
DA:26,1
DA:27,2
LF:9
LH:9
end_of_record
SF:lib\presentation\bloc\watchlist_bloc.dart
DA:11,3
DA:12,2
DA:13,2
DA:15,3
DA:17,2
DA:18,3
DA:19,1
DA:20,2
LF:8
LH:8
end_of_record
SF:lib\presentation\bloc\watchlist_event.dart
DA:4,2
DA:6,0
DA:7,0
DA:11,2
LF:4
LH:2
end_of_record
SF:lib\presentation\pages\watchlist_movies_page.dart
DA:13,1
DA:14,1
DA:19,1
DA:21,1
DA:22,4
DA:28,1
DA:30,1
DA:31,4
DA:34,1
DA:36,1
DA:37,1
DA:38,1
DA:40,1
DA:42,1
DA:47,1
DA:48,1
DA:49,1
DA:50,1
DA:51,1
DA:52,1
DA:54,1
DA:55,1
DA:56,1
DA:58,0
DA:59,0
DA:60,0
DA:61,0
DA:63,1
DA:65,1
DA:66,1
DA:67,1
DA:68,2
DA:71,0
DA:77,1
DA:79,2
DA:80,1
LF:36
LH:31
end_of_record
